<?xml version="1.0" encoding="UTF-8"?>
<!-- Generated by org.testng.reporters.JUnitReportReporter -->
<testsuite skipped="0" hostname="BDC3-DX-BRV7T72" name="com.naukri.test.HomePageTest" tests="1" failures="0" timestamp="11 Apr 2019 12:50:25 GMT" time="26.486" errors="0">
  <testcase name="homePage" time="26.486" classname="com.naukri.test.HomePageTest"/>
</testsuite> <!-- com.naukri.test.HomePageTest -->
